app/platforms/android/app/build/outputs/logs/manifest-merger-debug-report.txt
-- Merging decision tree log ---
provider#io.github.pwlin.cordova.plugins.fileopener2.FileProvider
INJECTED from src\main\AndroidManifest.xml:12:9-14:20
	android:grantUriPermissions
		ADDED from src\main\AndroidManifest.xml:12:99-133
	android:authorities
		INJECTED from src\main\AndroidManifest.xml
		ADDED from src\main\AndroidManifest.xml:12:19-73
	android:exported
		ADDED from src\main\AndroidManifest.xml:12:74-98
	android:name
		ADDED from src\main\AndroidManifest.xml:12:134-205
provider#de.appplant.cordova.plugin.notification.util.AssetProvider
INJECTED from src\main\AndroidManifest.xml:73:9-75:20
	android:grantUriPermissions
		ADDED from src\main\AndroidManifest.xml:73:92-126
	android:authorities
		INJECTED from src\main\AndroidManifest.xml
		ADDED from src\main\AndroidManifest.xml:73:19-66
	android:exported
		ADDED from src\main\AndroidManifest.xml:73:67-91
	android:name
		ADDED from src\main\AndroidManifest.xml:73:127-200
manifest
ADDED from src\main\AndroidManifest.xml:2:1-104:12
INJECTED from src\main\AndroidManifest.xml:2:1-104:12
INJECTED from src\main\AndroidManifest.xml:2:1-104:12
INJECTED from src\main\AndroidManifest.xml:2:1-104:12
MERGED from [me.leolin:ShortcutBadger:1.1.21] AndroidManifest.xml:2:1-52:12
MERGED from [com.android.support:support-v4:27.1.0] AndroidManifest.xml:17:1-22:12
MERGED from [:CordovaLib] AndroidManifest.xml:20:1-27:12
MERGED from [com.android.support:support-media-compat:27.1.0] AndroidManifest.xml:17:1-22:12
MERGED from [com.android.support:support-fragment:27.1.0] AndroidManifest.xml:17:1-22:12
MERGED from [com.android.support:support-core-ui:27.1.0] AndroidManifest.xml:17:1-22:12
MERGED from [com.android.support:support-core-utils:27.1.0] AndroidManifest.xml:17:1-22:12
MERGED from [com.android.support:support-compat:27.1.0] AndroidManifest.xml:17:1-22:12
MERGED from [android.arch.lifecycle:runtime:1.1.0] AndroidManifest.xml:17:1-22:12
MERGED from [android.arch.lifecycle:livedata-core:1.1.0] AndroidManifest.xml:17:1-22:12
MERGED from [android.arch.lifecycle:viewmodel:1.1.0] AndroidManifest.xml:17:1-22:12
MERGED from [android.arch.core:runtime:1.1.0] AndroidManifest.xml:17:1-22:12
INJECTED from src\main\AndroidManifest.xml:2:1-104:12
INJECTED from src\main\AndroidManifest.xml:2:1-104:12
INJECTED from src\main\AndroidManifest.xml:2:1-104:12
	package
		ADDED from src\main\AndroidManifest.xml:2:102-135
		INJECTED from src\main\AndroidManifest.xml
		INJECTED from src\main\AndroidManifest.xml
	android:versionName
		ADDED from src\main\AndroidManifest.xml:2:74-101
		INJECTED from src\main\AndroidManifest.xml
		INJECTED from src\main\AndroidManifest.xml
	android:hardwareAccelerated
		ADDED from src\main\AndroidManifest.xml:2:11-45
	xmlns:android
		ADDED from src\main\AndroidManifest.xml:2:136-194
	android:versionCode
		ADDED from src\main\AndroidManifest.xml:2:46-73
		INJECTED from src\main\AndroidManifest.xml
		INJECTED from src\main\AndroidManifest.xml
supports-screens
ADDED from src\main\AndroidManifest.xml:3:5-191
	android:largeScreens
		ADDED from src\main\AndroidManifest.xml:3:49-76
	android:smallScreens
		ADDED from src\main\AndroidManifest.xml:3:132-159
	android:normalScreens
		ADDED from src\main\AndroidManifest.xml:3:77-105
	android:xlargeScreens
		ADDED from src\main\AndroidManifest.xml:3:160-188
	android:resizeable
		ADDED from src\main\AndroidManifest.xml:3:106-131
	android:anyDensity
		ADDED from src\main\AndroidManifest.xml:3:23-48
uses-permission#android.permission.INTERNET
ADDED from src\main\AndroidManifest.xml:4:5-67
	android:name
		ADDED from src\main\AndroidManifest.xml:4:22-64
application
ADDED from src\main\AndroidManifest.xml:5:5-85:19
	android:supportsRtl
		ADDED from src\main\AndroidManifest.xml:5:114-140
	android:label
		ADDED from src\main\AndroidManifest.xml:5:81-113
	android:hardwareAccelerated
		ADDED from src\main\AndroidManifest.xml:5:18-52
	android:icon
		ADDED from src\main\AndroidManifest.xml:5:53-80
activity#io.cordova.hellocordova.MainActivity
ADDED from src\main\AndroidManifest.xml:6:9-11:20
	android:label
		ADDED from src\main\AndroidManifest.xml:6:97-134
	android:launchMode
		ADDED from src\main\AndroidManifest.xml:6:135-165
	android:windowSoftInputMode
		ADDED from src\main\AndroidManifest.xml:6:257-299
	android:configChanges
		ADDED from src\main\AndroidManifest.xml:6:19-96
	android:theme
		ADDED from src\main\AndroidManifest.xml:6:194-256
	android:name
		ADDED from src\main\AndroidManifest.xml:6:166-193
intent-filter#android.intent.action.MAIN+android.intent.category.LAUNCHER
ADDED from src\main\AndroidManifest.xml:7:13-10:29
	android:label
		ADDED from src\main\AndroidManifest.xml:7:28-65
action#android.intent.action.MAIN
ADDED from src\main\AndroidManifest.xml:8:17-69
	android:name
		ADDED from src\main\AndroidManifest.xml:8:25-66
category#android.intent.category.LAUNCHER
ADDED from src\main\AndroidManifest.xml:9:17-77
	android:name
		ADDED from src\main\AndroidManifest.xml:9:27-74
activity#cn.jpush.android.ui.PushActivity
ADDED from src\main\AndroidManifest.xml:15:9-21:20
	android:configChanges
		ADDED from src\main\AndroidManifest.xml:15:19-69
	android:theme
		ADDED from src\main\AndroidManifest.xml:15:118-177
	android:name
		ADDED from src\main\AndroidManifest.xml:15:70-117
intent-filter#android.intent.category.DEFAULT+cn.jpush.android.ui.PushActivity+io.cordova.hellocordova
ADDED from src\main\AndroidManifest.xml:16:13-20:29
action#cn.jpush.android.ui.PushActivity
ADDED from src\main\AndroidManifest.xml:17:17-75
	android:name
		ADDED from src\main\AndroidManifest.xml:17:25-72
category#android.intent.category.DEFAULT
ADDED from src\main\AndroidManifest.xml:18:17-76
	android:name
		ADDED from src\main\AndroidManifest.xml:18:27-73
category#io.cordova.hellocordova
ADDED from src\main\AndroidManifest.xml:19:17-68
	android:name
		ADDED from src\main\AndroidManifest.xml:19:27-65
activity#cn.jpush.android.ui.PopWinActivity
ADDED from src\main\AndroidManifest.xml:22:9-133
	android:exported
		ADDED from src\main\AndroidManifest.xml:22:19-43
	android:theme
		ADDED from src\main\AndroidManifest.xml:22:94-130
	android:name
		ADDED from src\main\AndroidManifest.xml:22:44-93
service#cn.jpush.android.service.DownloadService
ADDED from src\main\AndroidManifest.xml:23:9-124
	android:enabled
		ADDED from src\main\AndroidManifest.xml:23:18-40
	android:exported
		ADDED from src\main\AndroidManifest.xml:23:41-65
	android:name
		ADDED from src\main\AndroidManifest.xml:23:66-121
service#cn.jpush.android.service.PushService
ADDED from src\main\AndroidManifest.xml:24:9-31:19
	android:process
		ADDED from src\main\AndroidManifest.xml:24:118-143
	android:enabled
		ADDED from src\main\AndroidManifest.xml:24:18-40
	android:exported
		ADDED from src\main\AndroidManifest.xml:24:41-65
	android:name
		ADDED from src\main\AndroidManifest.xml:24:66-117
intent-filter#cn.jpush.android.intent.PUSH_TIME+cn.jpush.android.intent.PushService+cn.jpush.android.intent.REGISTER+cn.jpush.android.intent.REPORT
ADDED from src\main\AndroidManifest.xml:25:13-30:29
action#cn.jpush.android.intent.REGISTER
ADDED from src\main\AndroidManifest.xml:26:17-75
	android:name
		ADDED from src\main\AndroidManifest.xml:26:25-72
action#cn.jpush.android.intent.REPORT
ADDED from src\main\AndroidManifest.xml:27:17-73
	android:name
		ADDED from src\main\AndroidManifest.xml:27:25-70
action#cn.jpush.android.intent.PushService
ADDED from src\main\AndroidManifest.xml:28:17-78
	android:name
		ADDED from src\main\AndroidManifest.xml:28:25-75
action#cn.jpush.android.intent.PUSH_TIME
ADDED from src\main\AndroidManifest.xml:29:17-76
	android:name
		ADDED from src\main\AndroidManifest.xml:29:25-73
receiver#cn.jpush.android.service.PushReceiver
ADDED from src\main\AndroidManifest.xml:32:9-46:20
	android:enabled
		ADDED from src\main\AndroidManifest.xml:32:19-41
	android:exported
		ADDED from src\main\AndroidManifest.xml:32:42-66
	android:name
		ADDED from src\main\AndroidManifest.xml:32:67-119
intent-filter#cn.jpush.android.intent.NOTIFICATION_RECEIVED_PROXY+io.cordova.hellocordova
ADDED from src\main\AndroidManifest.xml:33:13-36:29
	android:priority
		ADDED from src\main\AndroidManifest.xml:33:28-51
action#cn.jpush.android.intent.NOTIFICATION_RECEIVED_PROXY
ADDED from src\main\AndroidManifest.xml:34:17-94
	android:name
		ADDED from src\main\AndroidManifest.xml:34:25-91
intent-filter#android.intent.action.USER_PRESENT+android.net.conn.CONNECTIVITY_CHANGE
ADDED from src\main\AndroidManifest.xml:37:13-40:29
action#android.intent.action.USER_PRESENT
ADDED from src\main\AndroidManifest.xml:38:17-77
	android:name
		ADDED from src\main\AndroidManifest.xml:38:25-74
action#android.net.conn.CONNECTIVITY_CHANGE
ADDED from src\main\AndroidManifest.xml:39:17-79
	android:name
		ADDED from src\main\AndroidManifest.xml:39:25-76
intent-filter#android.intent.action.PACKAGE_ADDED+android.intent.action.PACKAGE_REMOVED
ADDED from src\main\AndroidManifest.xml:41:13-45:29
action#android.intent.action.PACKAGE_ADDED
ADDED from src\main\AndroidManifest.xml:42:17-78
	android:name
		ADDED from src\main\AndroidManifest.xml:42:25-75
action#android.intent.action.PACKAGE_REMOVED
ADDED from src\main\AndroidManifest.xml:43:17-80
	android:name
		ADDED from src\main\AndroidManifest.xml:43:25-77
data
ADDED from src\main\AndroidManifest.xml:44:17-50
	android:scheme
		ADDED from src\main\AndroidManifest.xml:44:23-47
service#cn.jpush.android.service.DaemonService
ADDED from src\main\AndroidManifest.xml:47:9-52:19
	android:enabled
		ADDED from src\main\AndroidManifest.xml:47:18-40
	android:exported
		ADDED from src\main\AndroidManifest.xml:47:41-64
	android:name
		ADDED from src\main\AndroidManifest.xml:47:65-118
intent-filter#cn.jpush.android.intent.DaemonService+io.cordova.hellocordova
ADDED from src\main\AndroidManifest.xml:48:13-51:29
action#cn.jpush.android.intent.DaemonService
ADDED from src\main\AndroidManifest.xml:49:17-80
	android:name
		ADDED from src\main\AndroidManifest.xml:49:25-77
receiver#cn.jiguang.cordova.push.JPushReceiver
ADDED from src\main\AndroidManifest.xml:53:9-62:20
	android:enabled
		ADDED from src\main\AndroidManifest.xml:53:19-41
	android:name
		ADDED from src\main\AndroidManifest.xml:53:42-94
intent-filter#cn.jpush.android.intent.CONNECTION+cn.jpush.android.intent.MESSAGE_RECEIVED+cn.jpush.android.intent.NOTIFICATION_OPENED+cn.jpush.android.intent.NOTIFICATION_RECEIVED+cn.jpush.android.intent.REGISTRATION+io.cordova.hellocordova
ADDED from src\main\AndroidManifest.xml:54:13-61:29
action#cn.jpush.android.intent.REGISTRATION
ADDED from src\main\AndroidManifest.xml:55:17-79
	android:name
		ADDED from src\main\AndroidManifest.xml:55:25-76
action#cn.jpush.android.intent.MESSAGE_RECEIVED
ADDED from src\main\AndroidManifest.xml:56:17-83
	android:name
		ADDED from src\main\AndroidManifest.xml:56:25-80
action#cn.jpush.android.intent.NOTIFICATION_RECEIVED
ADDED from src\main\AndroidManifest.xml:57:17-88
	android:name
		ADDED from src\main\AndroidManifest.xml:57:25-85
action#cn.jpush.android.intent.NOTIFICATION_OPENED
ADDED from src\main\AndroidManifest.xml:58:17-86
	android:name
		ADDED from src\main\AndroidManifest.xml:58:25-83
action#cn.jpush.android.intent.CONNECTION
ADDED from src\main\AndroidManifest.xml:59:17-77
	android:name
		ADDED from src\main\AndroidManifest.xml:59:25-74
receiver#cn.jpush.android.service.AlarmReceiver
ADDED from src\main\AndroidManifest.xml:63:9-100
	android:exported
		ADDED from src\main\AndroidManifest.xml:63:19-43
	android:name
		ADDED from src\main\AndroidManifest.xml:63:44-97
provider#cn.jpush.android.service.DataProvider
ADDED from src\main\AndroidManifest.xml:64:9-157
	android:authorities
		ADDED from src\main\AndroidManifest.xml:64:19-77
	android:exported
		ADDED from src\main\AndroidManifest.xml:64:78-101
	android:name
		ADDED from src\main\AndroidManifest.xml:64:102-154
receiver#cn.jiguang.cordova.push.JPushEventReceiver
ADDED from src\main\AndroidManifest.xml:65:9-70:20
	android:name
		ADDED from src\main\AndroidManifest.xml:65:19-76
intent-filter#cn.jpush.android.intent.RECEIVE_MESSAGE+io.cordova.hellocordova
ADDED from src\main\AndroidManifest.xml:66:13-69:29
action#cn.jpush.android.intent.RECEIVE_MESSAGE
ADDED from src\main\AndroidManifest.xml:67:17-82
	android:name
		ADDED from src\main\AndroidManifest.xml:67:25-79
meta-data#JPUSH_CHANNEL
ADDED from src\main\AndroidManifest.xml:71:9-85
	android:value
		ADDED from src\main\AndroidManifest.xml:71:49-82
	android:name
		ADDED from src\main\AndroidManifest.xml:71:20-48
meta-data#JPUSH_APPKEY
ADDED from src\main\AndroidManifest.xml:72:9-91
	android:value
		ADDED from src\main\AndroidManifest.xml:72:48-88
	android:name
		ADDED from src\main\AndroidManifest.xml:72:20-47
receiver#de.appplant.cordova.plugin.localnotification.TriggerReceiver
ADDED from src\main\AndroidManifest.xml:76:9-122
	android:exported
		ADDED from src\main\AndroidManifest.xml:76:19-43
	android:name
		ADDED from src\main\AndroidManifest.xml:76:44-119
receiver#de.appplant.cordova.plugin.localnotification.ClearReceiver
ADDED from src\main\AndroidManifest.xml:77:9-120
	android:exported
		ADDED from src\main\AndroidManifest.xml:77:19-43
	android:name
		ADDED from src\main\AndroidManifest.xml:77:44-117
service#de.appplant.cordova.plugin.localnotification.ClickReceiver
ADDED from src\main\AndroidManifest.xml:78:9-119
	android:exported
		ADDED from src\main\AndroidManifest.xml:78:18-42
	android:name
		ADDED from src\main\AndroidManifest.xml:78:43-116
receiver#de.appplant.cordova.plugin.localnotification.RestoreReceiver
ADDED from src\main\AndroidManifest.xml:79:9-84:20
	android:exported
		ADDED from src\main\AndroidManifest.xml:79:50-74
	android:directBootAware
		ADDED from src\main\AndroidManifest.xml:79:19-49
	android:name
		ADDED from src\main\AndroidManifest.xml:79:75-150
intent-filter#android.intent.action.BOOT_COMPLETED+android.intent.action.LOCKED_BOOT_COMPLETED
ADDED from src\main\AndroidManifest.xml:80:13-83:29
action#android.intent.action.LOCKED_BOOT_COMPLETED
ADDED from src\main\AndroidManifest.xml:81:17-86
	android:name
		ADDED from src\main\AndroidManifest.xml:81:25-83
action#android.intent.action.BOOT_COMPLETED
ADDED from src\main\AndroidManifest.xml:82:17-79
	android:name
		ADDED from src\main\AndroidManifest.xml:82:25-76
uses-sdk
ADDED from src\main\AndroidManifest.xml:86:5-74
MERGED from [me.leolin:ShortcutBadger:1.1.21] AndroidManifest.xml:7:5-9:41
MERGED from [me.leolin:ShortcutBadger:1.1.21] AndroidManifest.xml:7:5-9:41
MERGED from [com.android.support:support-v4:27.1.0] AndroidManifest.xml:20:5-44
MERGED from [com.android.support:support-v4:27.1.0] AndroidManifest.xml:20:5-44
MERGED from [:CordovaLib] AndroidManifest.xml:25:5-44
MERGED from [:CordovaLib] AndroidManifest.xml:25:5-44
MERGED from [com.android.support:support-media-compat:27.1.0] AndroidManifest.xml:20:5-44
MERGED from [com.android.support:support-media-compat:27.1.0] AndroidManifest.xml:20:5-44
MERGED from [com.android.support:support-fragment:27.1.0] AndroidManifest.xml:20:5-44
MERGED from [com.android.support:support-fragment:27.1.0] AndroidManifest.xml:20:5-44
MERGED from [com.android.support:support-core-ui:27.1.0] AndroidManifest.xml:20:5-44
MERGED from [com.android.support:support-core-ui:27.1.0] AndroidManifest.xml:20:5-44
MERGED from [com.android.support:support-core-utils:27.1.0] AndroidManifest.xml:20:5-44
MERGED from [com.android.support:support-core-utils:27.1.0] AndroidManifest.xml:20:5-44
MERGED from [com.android.support:support-compat:27.1.0] AndroidManifest.xml:20:5-44
MERGED from [com.android.support:support-compat:27.1.0] AndroidManifest.xml:20:5-44
MERGED from [android.arch.lifecycle:runtime:1.1.0] AndroidManifest.xml:20:5-44
MERGED from [android.arch.lifecycle:runtime:1.1.0] AndroidManifest.xml:20:5-44
MERGED from [android.arch.lifecycle:livedata-core:1.1.0] AndroidManifest.xml:20:5-44
MERGED from [android.arch.lifecycle:livedata-core:1.1.0] AndroidManifest.xml:20:5-44
MERGED from [android.arch.lifecycle:viewmodel:1.1.0] AndroidManifest.xml:20:5-44
MERGED from [android.arch.lifecycle:viewmodel:1.1.0] AndroidManifest.xml:20:5-44
MERGED from [android.arch.core:runtime:1.1.0] AndroidManifest.xml:20:5-44
MERGED from [android.arch.core:runtime:1.1.0] AndroidManifest.xml:20:5-44
	android:targetSdkVersion
		ADDED from src\main\AndroidManifest.xml:86:42-71
	android:minSdkVersion
		ADDED from src\main\AndroidManifest.xml:86:15-41
uses-permission#android.permission.ACCESS_COARSE_LOCATION
ADDED from src\main\AndroidManifest.xml:87:5-81
	android:name
		ADDED from src\main\AndroidManifest.xml:87:22-78
uses-permission#android.permission.ACCESS_FINE_LOCATION
ADDED from src\main\AndroidManifest.xml:88:5-79
	android:name
		ADDED from src\main\AndroidManifest.xml:88:22-76
uses-feature#android.hardware.location.gps
ADDED from src\main\AndroidManifest.xml:89:5-66
	android:name
		ADDED from src\main\AndroidManifest.xml:89:19-63
uses-permission#android.permission.WRITE_EXTERNAL_STORAGE
ADDED from src\main\AndroidManifest.xml:90:5-81
	android:name
		ADDED from src\main\AndroidManifest.xml:90:22-78
uses-permission#android.permission.READ_EXTERNAL_STORAGE
ADDED from src\main\AndroidManifest.xml:91:5-80
	android:name
		ADDED from src\main\AndroidManifest.xml:91:22-77
uses-permission#android.permission.ACCESS_NETWORK_STATE
ADDED from src\main\AndroidManifest.xml:92:5-79
	android:name
		ADDED from src\main\AndroidManifest.xml:92:22-76
uses-permission#android.permission.CAMERA
ADDED from src\main\AndroidManifest.xml:93:5-65
	android:name
		ADDED from src\main\AndroidManifest.xml:93:22-62
uses-permission#android.permission.MOUNT_UNMOUNT_FILESYSTEMS
ADDED from src\main\AndroidManifest.xml:94:5-84
	android:name
		ADDED from src\main\AndroidManifest.xml:94:22-81
permission#io.cordova.hellocordova.permission.JPUSH_MESSAGE
ADDED from src\main\AndroidManifest.xml:95:5-119
	android:protectionLevel
		ADDED from src\main\AndroidManifest.xml:95:81-116
	android:name
		ADDED from src\main\AndroidManifest.xml:95:17-80
uses-permission#io.cordova.hellocordova.permission.JPUSH_MESSAGE
ADDED from src\main\AndroidManifest.xml:96:5-88
	android:name
		ADDED from src\main\AndroidManifest.xml:96:22-85
uses-permission#android.permission.RECEIVE_USER_PRESENT
ADDED from src\main\AndroidManifest.xml:97:5-79
	android:name
		ADDED from src\main\AndroidManifest.xml:97:22-76
uses-permission#android.permission.WAKE_LOCK
ADDED from src\main\AndroidManifest.xml:98:5-68
	android:name
		ADDED from src\main\AndroidManifest.xml:98:22-65
uses-permission#android.permission.READ_PHONE_STATE
ADDED from src\main\AndroidManifest.xml:99:5-75
	android:name
		ADDED from src\main\AndroidManifest.xml:99:22-72
uses-permission#android.permission.WRITE_SETTINGS
ADDED from src\main\AndroidManifest.xml:100:5-73
	android:name
		ADDED from src\main\AndroidManifest.xml:100:22-70
uses-permission#android.permission.VIBRATE
ADDED from src\main\AndroidManifest.xml:101:5-66
	android:name
		ADDED from src\main\AndroidManifest.xml:101:22-63
uses-permission#android.permission.ACCESS_WIFI_STATE
ADDED from src\main\AndroidManifest.xml:102:5-76
	android:name
		ADDED from src\main\AndroidManifest.xml:102:22-73
uses-permission#android.permission.RECEIVE_BOOT_COMPLETED
ADDED from src\main\AndroidManifest.xml:103:5-81
	android:name
		ADDED from src\main\AndroidManifest.xml:103:22-78
meta-data#android.support.FILE_PROVIDER_PATHS
ADDED from src\main\AndroidManifest.xml:13:13-114
	android:resource
		ADDED from src\main\AndroidManifest.xml:13:75-111
	android:name
		ADDED from src\main\AndroidManifest.xml:13:24-74
uses-permission#com.sec.android.provider.badge.permission.READ
ADDED from [me.leolin:ShortcutBadger:1.1.21] AndroidManifest.xml:19:5-86
	android:name
		ADDED from [me.leolin:ShortcutBadger:1.1.21] AndroidManifest.xml:19:22-83
uses-permission#com.sec.android.provider.badge.permission.WRITE
ADDED from [me.leolin:ShortcutBadger:1.1.21] AndroidManifest.xml:20:5-87
	android:name
		ADDED from [me.leolin:ShortcutBadger:1.1.21] AndroidManifest.xml:20:22-84
uses-permission#com.htc.launcher.permission.READ_SETTINGS
ADDED from [me.leolin:ShortcutBadger:1.1.21] AndroidManifest.xml:23:5-81
	android:name
		ADDED from [me.leolin:ShortcutBadger:1.1.21] AndroidManifest.xml:23:22-78
uses-permission#com.htc.launcher.permission.UPDATE_SHORTCUT
ADDED from [me.leolin:ShortcutBadger:1.1.21] AndroidManifest.xml:24:5-83
	android:name
		ADDED from [me.leolin:ShortcutBadger:1.1.21] AndroidManifest.xml:24:22-80
uses-permission#com.sonyericsson.home.permission.BROADCAST_BADGE
ADDED from [me.leolin:ShortcutBadger:1.1.21] AndroidManifest.xml:27:5-88
	android:name
		ADDED from [me.leolin:ShortcutBadger:1.1.21] AndroidManifest.xml:27:22-85
uses-permission#com.sonymobile.home.permission.PROVIDER_INSERT_BADGE
ADDED from [me.leolin:ShortcutBadger:1.1.21] AndroidManifest.xml:28:5-92
	android:name
		ADDED from [me.leolin:ShortcutBadger:1.1.21] AndroidManifest.xml:28:22-89
uses-permission#com.anddoes.launcher.permission.UPDATE_COUNT
ADDED from [me.leolin:ShortcutBadger:1.1.21] AndroidManifest.xml:31:5-84
	android:name
		ADDED from [me.leolin:ShortcutBadger:1.1.21] AndroidManifest.xml:31:22-81
uses-permission#com.majeur.launcher.permission.UPDATE_BADGE
ADDED from [me.leolin:ShortcutBadger:1.1.21] AndroidManifest.xml:34:5-83
	android:name
		ADDED from [me.leolin:ShortcutBadger:1.1.21] AndroidManifest.xml:34:22-80
uses-permission#com.huawei.android.launcher.permission.CHANGE_BADGE
ADDED from [me.leolin:ShortcutBadger:1.1.21] AndroidManifest.xml:37:5-91
	android:name
		ADDED from [me.leolin:ShortcutBadger:1.1.21] AndroidManifest.xml:37:22-88
uses-permission#com.huawei.android.launcher.permission.READ_SETTINGS
ADDED from [me.leolin:ShortcutBadger:1.1.21] AndroidManifest.xml:38:5-92
	android:name
		ADDED from [me.leolin:ShortcutBadger:1.1.21] AndroidManifest.xml:38:22-89
uses-permission#com.huawei.android.launcher.permission.WRITE_SETTINGS
ADDED from [me.leolin:ShortcutBadger:1.1.21] AndroidManifest.xml:39:5-93
	android:name
		ADDED from [me.leolin:ShortcutBadger:1.1.21] AndroidManifest.xml:39:22-90
uses-permission#android.permission.READ_APP_BADGE
ADDED from [me.leolin:ShortcutBadger:1.1.21] AndroidManifest.xml:42:5-73
	android:name
		ADDED from [me.leolin:ShortcutBadger:1.1.21] AndroidManifest.xml:42:22-70
uses-permission#com.oppo.launcher.permission.READ_SETTINGS
ADDED from [me.leolin:ShortcutBadger:1.1.21] AndroidManifest.xml:45:5-82
	android:name
		ADDED from [me.leolin:ShortcutBadger:1.1.21] AndroidManifest.xml:45:22-79
uses-permission#com.oppo.launcher.permission.WRITE_SETTINGS
ADDED from [me.leolin:ShortcutBadger:1.1.21] AndroidManifest.xml:46:5-83
	android:name
		ADDED from [me.leolin:ShortcutBadger:1.1.21] AndroidManifest.xml:46:22-80
uses-permission#me.everything.badger.permission.BADGE_COUNT_READ
ADDED from [me.leolin:ShortcutBadger:1.1.21] AndroidManifest.xml:49:5-88
	android:name
		ADDED from [me.leolin:ShortcutBadger:1.1.21] AndroidManifest.xml:49:22-85
uses-permission#me.everything.badger.permission.BADGE_COUNT_WRITE
ADDED from [me.leolin:ShortcutBadger:1.1.21] AndroidManifest.xml:50:5-89
	android:name
		ADDED from [me.leolin:ShortcutBadger:1.1.21] AndroidManifest.xml:50:22-86